{"/Users/yumengzheng/Desktop/Ivy-service/client/components/product.jsx": {"path":"/Users/yumengzheng/Desktop/Ivy-service/client/components/product.jsx","statementMap":{"0":{"start":{"line":5,"column":4},"end":{"line":5,"column":17}},"1":{"start":{"line":6,"column":4},"end":{"line":8,"column":5}},"2":{"start":{"line":12,"column":17},"end":{"line":12,"column":60}},"3":{"start":{"line":13,"column":4},"end":{"line":18,"column":5}},"4":{"start":{"line":14,"column":25},"end":{"line":14,"column":42}},"5":{"start":{"line":15,"column":6},"end":{"line":17,"column":7}},"6":{"start":{"line":16,"column":8},"end":{"line":16,"column":90}},"7":{"start":{"line":22,"column":19},"end":{"line":22,"column":48}},"8":{"start":{"line":23,"column":4},"end":{"line":53,"column":5}},"9":{"start":{"line":25,"column":8},"end":{"line":25,"column":21}},"10":{"start":{"line":26,"column":8},"end":{"line":26,"column":14}},"11":{"start":{"line":28,"column":8},"end":{"line":28,"column":25}},"12":{"start":{"line":29,"column":8},"end":{"line":29,"column":14}},"13":{"start":{"line":31,"column":8},"end":{"line":31,"column":21}},"14":{"start":{"line":32,"column":8},"end":{"line":32,"column":14}},"15":{"start":{"line":34,"column":8},"end":{"line":34,"column":26}},"16":{"start":{"line":35,"column":8},"end":{"line":35,"column":14}},"17":{"start":{"line":37,"column":8},"end":{"line":37,"column":22}},"18":{"start":{"line":38,"column":8},"end":{"line":38,"column":14}},"19":{"start":{"line":40,"column":8},"end":{"line":40,"column":24}},"20":{"start":{"line":41,"column":8},"end":{"line":41,"column":14}},"21":{"start":{"line":43,"column":8},"end":{"line":43,"column":20}},"22":{"start":{"line":44,"column":8},"end":{"line":44,"column":14}},"23":{"start":{"line":46,"column":8},"end":{"line":46,"column":24}},"24":{"start":{"line":47,"column":8},"end":{"line":47,"column":14}},"25":{"start":{"line":49,"column":8},"end":{"line":49,"column":20}},"26":{"start":{"line":50,"column":8},"end":{"line":50,"column":14}},"27":{"start":{"line":52,"column":8},"end":{"line":52,"column":21}},"28":{"start":{"line":54,"column":16},"end":{"line":54,"column":56}},"29":{"start":{"line":56,"column":17},"end":{"line":56,"column":166}},"30":{"start":{"line":58,"column":4},"end":{"line":73,"column":6}}},"fnMap":{"0":{"name":"(anonymous_0)","decl":{"start":{"line":4,"column":2},"end":{"line":4,"column":3}},"loc":{"start":{"line":4,"column":21},"end":{"line":9,"column":3}},"line":4},"1":{"name":"(anonymous_1)","decl":{"start":{"line":11,"column":2},"end":{"line":11,"column":3}},"loc":{"start":{"line":11,"column":22},"end":{"line":19,"column":3}},"line":11},"2":{"name":"(anonymous_2)","decl":{"start":{"line":20,"column":2},"end":{"line":20,"column":3}},"loc":{"start":{"line":20,"column":11},"end":{"line":74,"column":3}},"line":20}},"branchMap":{"0":{"loc":{"start":{"line":13,"column":4},"end":{"line":18,"column":5}},"type":"if","locations":[{"start":{"line":13,"column":4},"end":{"line":18,"column":5}},{"start":{"line":13,"column":4},"end":{"line":18,"column":5}}],"line":13},"1":{"loc":{"start":{"line":15,"column":6},"end":{"line":17,"column":7}},"type":"if","locations":[{"start":{"line":15,"column":6},"end":{"line":17,"column":7}},{"start":{"line":15,"column":6},"end":{"line":17,"column":7}}],"line":15},"2":{"loc":{"start":{"line":23,"column":4},"end":{"line":53,"column":5}},"type":"switch","locations":[{"start":{"line":24,"column":6},"end":{"line":26,"column":14}},{"start":{"line":27,"column":6},"end":{"line":29,"column":14}},{"start":{"line":30,"column":6},"end":{"line":32,"column":14}},{"start":{"line":33,"column":6},"end":{"line":35,"column":14}},{"start":{"line":36,"column":6},"end":{"line":38,"column":14}},{"start":{"line":39,"column":6},"end":{"line":41,"column":14}},{"start":{"line":42,"column":6},"end":{"line":44,"column":14}},{"start":{"line":45,"column":6},"end":{"line":47,"column":14}},{"start":{"line":48,"column":6},"end":{"line":50,"column":14}},{"start":{"line":51,"column":6},"end":{"line":52,"column":21}}],"line":23},"3":{"loc":{"start":{"line":56,"column":17},"end":{"line":56,"column":166}},"type":"cond-expr","locations":[{"start":{"line":56,"column":43},"end":{"line":56,"column":103}},{"start":{"line":56,"column":106},"end":{"line":56,"column":166}}],"line":56}},"s":{"0":7,"1":7,"2":7,"3":7,"4":0,"5":0,"6":0,"7":7,"8":7,"9":0,"10":0,"11":0,"12":0,"13":0,"14":0,"15":0,"16":0,"17":7,"18":7,"19":0,"20":0,"21":0,"22":0,"23":0,"24":0,"25":0,"26":0,"27":0,"28":7,"29":7,"30":7},"f":{"0":7,"1":7,"2":7},"b":{"0":[0,7],"1":[0,0],"2":[0,0,0,0,7,0,0,0,0,0],"3":[6,1]},"_coverageSchema":"332fd63041d2c1bcb487cc26dd0d5f7d97098a6c","hash":"1cc2b3705c4a6b5fe5311ea4639199bbc1cf3ce5"}
,"/Users/yumengzheng/Desktop/Ivy-service/client/components/rp.jsx": {"path":"/Users/yumengzheng/Desktop/Ivy-service/client/components/rp.jsx","statementMap":{"0":{"start":{"line":9,"column":4},"end":{"line":9,"column":17}},"1":{"start":{"line":10,"column":4},"end":{"line":10,"column":43}},"2":{"start":{"line":11,"column":4},"end":{"line":11,"column":71}},"3":{"start":{"line":12,"column":4},"end":{"line":12,"column":73}},"4":{"start":{"line":13,"column":4},"end":{"line":13,"column":71}},"5":{"start":{"line":14,"column":4},"end":{"line":20,"column":6}},"6":{"start":{"line":24,"column":4},"end":{"line":24,"column":20}},"7":{"start":{"line":28,"column":4},"end":{"line":41,"column":7}},"8":{"start":{"line":29,"column":6},"end":{"line":29,"column":46}},"9":{"start":{"line":30,"column":6},"end":{"line":30,"column":36}},"10":{"start":{"line":31,"column":24},"end":{"line":31,"column":51}},"11":{"start":{"line":32,"column":17},"end":{"line":32,"column":34}},"12":{"start":{"line":33,"column":6},"end":{"line":36,"column":9}},"13":{"start":{"line":38,"column":6},"end":{"line":40,"column":7}},"14":{"start":{"line":39,"column":8},"end":{"line":39,"column":54}},"15":{"start":{"line":45,"column":25},"end":{"line":45,"column":63}},"16":{"start":{"line":46,"column":4},"end":{"line":48,"column":5}},"17":{"start":{"line":47,"column":6},"end":{"line":47,"column":13}},"18":{"start":{"line":49,"column":18},"end":{"line":49,"column":39}},"19":{"start":{"line":50,"column":16},"end":{"line":50,"column":43}},"20":{"start":{"line":51,"column":15},"end":{"line":51,"column":48}},"21":{"start":{"line":52,"column":4},"end":{"line":56,"column":7}},"22":{"start":{"line":59,"column":4},"end":{"line":61,"column":5}},"23":{"start":{"line":60,"column":6},"end":{"line":60,"column":13}},"24":{"start":{"line":62,"column":18},"end":{"line":62,"column":45}},"25":{"start":{"line":63,"column":16},"end":{"line":63,"column":43}},"26":{"start":{"line":64,"column":15},"end":{"line":64,"column":48}},"27":{"start":{"line":65,"column":4},"end":{"line":69,"column":7}},"28":{"start":{"line":72,"column":4},"end":{"line":76,"column":7}},"29":{"start":{"line":79,"column":16},"end":{"line":79,"column":18}},"30":{"start":{"line":80,"column":4},"end":{"line":82,"column":7}},"31":{"start":{"line":81,"column":6},"end":{"line":81,"column":48}},"32":{"start":{"line":84,"column":4},"end":{"line":86,"column":5}},"33":{"start":{"line":85,"column":6},"end":{"line":85,"column":96}},"34":{"start":{"line":87,"column":4},"end":{"line":99,"column":6}}},"fnMap":{"0":{"name":"(anonymous_0)","decl":{"start":{"line":8,"column":2},"end":{"line":8,"column":3}},"loc":{"start":{"line":8,"column":21},"end":{"line":21,"column":3}},"line":8},"1":{"name":"(anonymous_1)","decl":{"start":{"line":23,"column":2},"end":{"line":23,"column":3}},"loc":{"start":{"line":23,"column":22},"end":{"line":25,"column":3}},"line":23},"2":{"name":"(anonymous_2)","decl":{"start":{"line":27,"column":2},"end":{"line":27,"column":3}},"loc":{"start":{"line":27,"column":14},"end":{"line":42,"column":3}},"line":27},"3":{"name":"(anonymous_3)","decl":{"start":{"line":28,"column":54},"end":{"line":28,"column":55}},"loc":{"start":{"line":28,"column":64},"end":{"line":37,"column":5}},"line":28},"4":{"name":"(anonymous_4)","decl":{"start":{"line":37,"column":12},"end":{"line":37,"column":13}},"loc":{"start":{"line":37,"column":21},"end":{"line":41,"column":5}},"line":37},"5":{"name":"(anonymous_5)","decl":{"start":{"line":44,"column":2},"end":{"line":44,"column":3}},"loc":{"start":{"line":44,"column":26},"end":{"line":57,"column":3}},"line":44},"6":{"name":"(anonymous_6)","decl":{"start":{"line":58,"column":2},"end":{"line":58,"column":3}},"loc":{"start":{"line":58,"column":27},"end":{"line":70,"column":3}},"line":58},"7":{"name":"(anonymous_7)","decl":{"start":{"line":71,"column":2},"end":{"line":71,"column":3}},"loc":{"start":{"line":71,"column":26},"end":{"line":77,"column":3}},"line":71},"8":{"name":"(anonymous_8)","decl":{"start":{"line":78,"column":2},"end":{"line":78,"column":3}},"loc":{"start":{"line":78,"column":11},"end":{"line":100,"column":3}},"line":78},"9":{"name":"(anonymous_9)","decl":{"start":{"line":80,"column":35},"end":{"line":80,"column":36}},"loc":{"start":{"line":80,"column":42},"end":{"line":82,"column":5}},"line":80}},"branchMap":{"0":{"loc":{"start":{"line":38,"column":6},"end":{"line":40,"column":7}},"type":"if","locations":[{"start":{"line":38,"column":6},"end":{"line":40,"column":7}},{"start":{"line":38,"column":6},"end":{"line":40,"column":7}}],"line":38},"1":{"loc":{"start":{"line":46,"column":4},"end":{"line":48,"column":5}},"type":"if","locations":[{"start":{"line":46,"column":4},"end":{"line":48,"column":5}},{"start":{"line":46,"column":4},"end":{"line":48,"column":5}}],"line":46},"2":{"loc":{"start":{"line":59,"column":4},"end":{"line":61,"column":5}},"type":"if","locations":[{"start":{"line":59,"column":4},"end":{"line":61,"column":5}},{"start":{"line":59,"column":4},"end":{"line":61,"column":5}}],"line":59},"3":{"loc":{"start":{"line":84,"column":4},"end":{"line":86,"column":5}},"type":"if","locations":[{"start":{"line":84,"column":4},"end":{"line":86,"column":5}},{"start":{"line":84,"column":4},"end":{"line":86,"column":5}}],"line":84}},"s":{"0":9,"1":9,"2":9,"3":9,"4":9,"5":9,"6":9,"7":9,"8":0,"9":0,"10":0,"11":0,"12":0,"13":0,"14":0,"15":1,"16":1,"17":0,"18":1,"19":1,"20":1,"21":1,"22":1,"23":0,"24":1,"25":1,"26":1,"27":1,"28":0,"29":20,"30":20,"31":99,"32":20,"33":2,"34":20},"f":{"0":9,"1":9,"2":9,"3":0,"4":0,"5":1,"6":1,"7":0,"8":20,"9":99},"b":{"0":[0,0],"1":[0,1],"2":[0,1],"3":[2,18]},"_coverageSchema":"332fd63041d2c1bcb487cc26dd0d5f7d97098a6c","hash":"520294d249fae5ebb714c4bd2740ec28efc6f687"}
,"/Users/yumengzheng/Desktop/Ivy-service/test/jest-setup.js": {"path":"/Users/yumengzheng/Desktop/Ivy-service/test/jest-setup.js","statementMap":{"0":{"start":{"line":5,"column":0},"end":{"line":5,"column":45}},"1":{"start":{"line":7,"column":0},"end":{"line":7,"column":25}},"2":{"start":{"line":8,"column":0},"end":{"line":8,"column":23}},"3":{"start":{"line":9,"column":0},"end":{"line":9,"column":21}}},"fnMap":{},"branchMap":{},"s":{"0":3,"1":3,"2":3,"3":3},"f":{},"b":{},"_coverageSchema":"332fd63041d2c1bcb487cc26dd0d5f7d97098a6c","hash":"2640f16e40c36d8e7242765d66c0699874a270db"}
}
