TN:
SF:/Users/yumengzheng/Desktop/Ivy-service/client/components/product.jsx
FN:4,(anonymous_0)
FN:11,(anonymous_1)
FN:20,(anonymous_2)
FNF:3
FNH:3
FNDA:7,(anonymous_0)
FNDA:7,(anonymous_1)
FNDA:7,(anonymous_2)
DA:5,7
DA:6,7
DA:12,7
DA:13,7
DA:14,0
DA:15,0
DA:16,0
DA:22,7
DA:23,7
DA:25,0
DA:26,0
DA:28,0
DA:29,0
DA:31,0
DA:32,0
DA:34,0
DA:35,0
DA:37,7
DA:38,7
DA:40,0
DA:41,0
DA:43,0
DA:44,0
DA:46,0
DA:47,0
DA:49,0
DA:50,0
DA:52,0
DA:54,7
DA:56,7
DA:58,7
LF:31
LH:11
BRDA:13,0,0,0
BRDA:13,0,1,7
BRDA:15,1,0,0
BRDA:15,1,1,0
BRDA:23,2,0,0
BRDA:23,2,1,0
BRDA:23,2,2,0
BRDA:23,2,3,0
BRDA:23,2,4,7
BRDA:23,2,5,0
BRDA:23,2,6,0
BRDA:23,2,7,0
BRDA:23,2,8,0
BRDA:23,2,9,0
BRDA:56,3,0,6
BRDA:56,3,1,1
BRF:16
BRH:4
end_of_record
TN:
SF:/Users/yumengzheng/Desktop/Ivy-service/client/components/rp.jsx
FN:8,(anonymous_0)
FN:23,(anonymous_1)
FN:27,(anonymous_2)
FN:28,(anonymous_3)
FN:37,(anonymous_4)
FN:44,(anonymous_5)
FN:58,(anonymous_6)
FN:71,(anonymous_7)
FN:78,(anonymous_8)
FN:80,(anonymous_9)
FNF:10
FNH:7
FNDA:9,(anonymous_0)
FNDA:9,(anonymous_1)
FNDA:9,(anonymous_2)
FNDA:0,(anonymous_3)
FNDA:0,(anonymous_4)
FNDA:1,(anonymous_5)
FNDA:1,(anonymous_6)
FNDA:0,(anonymous_7)
FNDA:20,(anonymous_8)
FNDA:99,(anonymous_9)
DA:9,9
DA:10,9
DA:11,9
DA:12,9
DA:13,9
DA:14,9
DA:24,9
DA:28,9
DA:29,0
DA:30,0
DA:31,0
DA:32,0
DA:33,0
DA:38,0
DA:39,0
DA:45,1
DA:46,1
DA:47,0
DA:49,1
DA:50,1
DA:51,1
DA:52,1
DA:59,1
DA:60,0
DA:62,1
DA:63,1
DA:64,1
DA:65,1
DA:72,0
DA:79,20
DA:80,20
DA:81,99
DA:84,20
DA:85,2
DA:87,20
LF:35
LH:25
BRDA:38,0,0,0
BRDA:38,0,1,0
BRDA:46,1,0,0
BRDA:46,1,1,1
BRDA:59,2,0,0
BRDA:59,2,1,1
BRDA:84,3,0,2
BRDA:84,3,1,18
BRF:8
BRH:4
end_of_record
TN:
SF:/Users/yumengzheng/Desktop/Ivy-service/test/jest-setup.js
FNF:0
FNH:0
DA:5,3
DA:7,3
DA:8,3
DA:9,3
LF:4
LH:4
BRF:0
BRH:0
end_of_record
