TN:
SF:/Users/yumengzheng/Desktop/Ivy-service/client/components/product.jsx
FN:4,(anonymous_0)
FN:11,(anonymous_1)
FN:20,(anonymous_2)
FNF:3
FNH:3
FNDA:7,(anonymous_0)
FNDA:7,(anonymous_1)
FNDA:7,(anonymous_2)
DA:5,7
DA:6,7
DA:12,7
DA:13,7
DA:14,0
DA:15,0
DA:16,0
DA:22,7
DA:23,7
DA:25,0
DA:26,0
DA:28,0
DA:29,0
DA:31,0
DA:32,0
DA:34,0
DA:35,0
DA:37,7
DA:38,7
DA:40,0
DA:41,0
DA:43,0
DA:44,0
DA:46,0
DA:47,0
DA:49,0
DA:50,0
DA:52,0
DA:54,7
DA:56,7
DA:58,7
LF:31
LH:11
BRDA:13,0,0,0
BRDA:13,0,1,7
BRDA:15,1,0,0
BRDA:15,1,1,0
BRDA:23,2,0,0
BRDA:23,2,1,0
BRDA:23,2,2,0
BRDA:23,2,3,0
BRDA:23,2,4,7
BRDA:23,2,5,0
BRDA:23,2,6,0
BRDA:23,2,7,0
BRDA:23,2,8,0
BRDA:23,2,9,0
BRDA:56,3,0,6
BRDA:56,3,1,1
BRF:16
BRH:4
end_of_record
TN:
SF:/Users/yumengzheng/Desktop/Ivy-service/test/jest-setup.js
FNF:0
FNH:0
DA:5,2
DA:7,2
DA:8,2
DA:9,2
LF:4
LH:4
BRF:0
BRH:0
end_of_record
